--- Logging error ---
Traceback (most recent call last):
  File "C:\Python310\lib\logging\__init__.py", line 1103, in emit
    stream.write(msg + self.terminator)
  File "C:\Python310\lib\encodings\cp1252.py", line 19, in encode
    return codecs.charmap_encode(input,self.errors,encoding_table)[0]
UnicodeEncodeError: 'charmap' codec can't encode character '\u2192' in position 77: character maps to <undefined>
Call stack:
  File "C:\Users\nfaruqe\Desktop\Automation\PostmanAutomation-1\runner.py", line 65, in <module>
    stdo, stde = Utilities().run_system_command(cmd)
  File "C:\Users\nfaruqe\Desktop\Automation\PostmanAutomation-1\core\utilities.py", line 55, in run_system_command
    log.info(tmp_stdout_str)
Message: 'newman\n\nSample API Test01\n\n→ Post Token\n  POST https://dev-smt.savanainc.com/bankingServices/rest/oauth2/token [201 Created, 741B, 4.5s]\n  √  Status code is 201\n  1. Response time is less than 1500ms\n\n→ createUser\n  POST https://dev-smt.savanainc.com/bankingServices/rest/identity/createUser [201 Created, 2.71kB, 4.1s]\n  2. Status code is 201\n  √  Response time is less than 2.5s\n\n→ loginUser\n  POST https://dev-smt.savanainc.com/bankingServices/rest/identity/loginUser [201 Created, 524B, 402ms]\n  √  Status code is 201\n  √  Response time is less than 15000ms\n\n→ getCountries\n  GET https://dev-smt.savanainc.com/bankingServices/rest/customer/getCountries [200 OK, 19.4kB, 234ms]\n  √  Status code is 200\n  √  Response time is less than 1500ms\n\n→ getCountrySubdivisions\n  GET https://dev-smt.savanainc.com/bankingServices/rest/customer/getCountrySubdivisions/US [200 OK, 4.01kB, 289ms]\n  √  Status code is 200\n  √  Response time is less than 1500ms\n\n┌─────────────────────────┬─────────────────────┬─────────────────────┐\n│                         │            executed │  
            failed │\n├─────────────────────────┼─────────────────────┼─────────────────────┤\n│              iterations │                   1 │
    0 │\n├─────────────────────────┼─────────────────────┼─────────────────────┤\n│                requests │                   5 │                   0 │\n├────────────┼─────────────────────┼─────────────────────┤\n│      prerequest-scripts │                   7 │                   0 │\n├─────────────────────────┼─────────────────────┼─────────────────────┤\n│              assertions │                  10 │                   2 │\n├─────────────────────────┴─────────────────────┴─────────────────────┤\n│ total run duration: 10.4s                                           │\n├─────────────────────────────────────────────────────────────────────┤\n│ total data received: 24.95kB (approx)                               │\n├─────────────────────────────────────────────────────────────────────┤\n│ average response time: 1925ms [min: 234ms, max: 4.5s, s.d.: 1986ms] │\n└─────────────────────────────────────────────────────────────────────┘\n\n  #  failure         detail                                               \n                                                                          \n 1.  AssertionError  Response time is less than 1500ms                    \n                     expected 4558 to be below 1500                       \n
at assertion:1 in test-script                        \n                     inside "Post Token"                                  \n
                                              \n 2.  AssertionError  Status code is 201                                   \n                     expected response to have status code 20 but got 201 \n                     at assertion:0 in test-script                        \n                     inside "createUser"  
                                \n'
Arguments: ()